<?xml version="1.0" encoding="UTF-8"?>
<!-- Generated by org.testng.reporters.JUnitReportReporter -->
<testsuite skipped="0" hostname="192-168-1-4.tpgi.com.au" name="com.testingfoo.testcases.LoginTest" tests="1" failures="0" timestamp="09 Jul 2019 05:03:53 GMT" time="2.238" errors="0">
  <testcase name="LoginTestForWebsite" time="2.238" classname="com.testingfoo.testcases.LoginTest"/>
</testsuite> <!-- com.testingfoo.testcases.LoginTest -->
